<?xml version="1.0" encoding="UTF-8"?>
<!-- Generated by org.testng.reporters.JUnitReportReporter -->
<testsuite hostname="akash-pc" failures="0" tests="1" name="com.crm.qa.testcases.Addcontracttest" time="0.000" errors="0" timestamp="20 Jun 2019 12:38:33 GMT" skipped="1">
  <testcase classname="com.crm.qa.testcases.Addcontracttest" name="fieldnametest" time="0.000">
    <skipped/>
  </testcase> <!-- fieldnametest -->
</testsuite> <!-- com.crm.qa.testcases.Addcontracttest -->
