<?xml version="1.0" encoding="UTF-8"?>
<!-- Generated by org.testng.reporters.JUnitReportReporter -->
<testsuite hostname="akash-pc" failures="0" tests="4" name="com.crm.qa.testcases.LoginPageTest" time="22.506" errors="0" timestamp="26 Jun 2019 06:30:31 GMT" skipped="0">
  <testcase classname="com.crm.qa.testcases.LoginPageTest" name="logintesting" time="4.230"/>
  <testcase classname="com.crm.qa.testcases.LoginPageTest" name="logintesting" time="3.319"/>
  <testcase classname="com.crm.qa.testcases.LoginPageTest" name="logintesting" time="6.837"/>
  <testcase classname="com.crm.qa.testcases.LoginPageTest" name="logintesting" time="8.120"/>
</testsuite> <!-- com.crm.qa.testcases.LoginPageTest -->
