<?xml version="1.0" encoding="UTF-8"?>
<!-- Generated by org.testng.reporters.JUnitReportReporter -->
<testsuite hostname="akash-pc" failures="0" tests="2" name="com.crm.qa.testcases.CommentPagetest" time="14.788" errors="0" timestamp="26 Jun 2019 08:57:00 GMT" skipped="0">
  <testcase classname="com.crm.qa.testcases.CommentPagetest" name="cmtsearchfieldtest" time="8.376"/>
  <testcase classname="com.crm.qa.testcases.CommentPagetest" name="cmtstatustest" time="6.412"/>
</testsuite> <!-- com.crm.qa.testcases.CommentPagetest -->
