<?xml version="1.0" encoding="UTF-8"?>
<!-- Generated by org.testng.reporters.JUnitReportReporter -->
<testsuite hostname="akash-pc" failures="0" tests="1" name="com.crm.qa.testcases.brokercampaigntest" time="12.744" errors="0" timestamp="20 Jun 2019 12:18:56 GMT" skipped="0">
  <testcase classname="com.crm.qa.testcases.brokercampaigntest" name="Brokercampaignsearchtest" time="12.744"/>
</testsuite> <!-- com.crm.qa.testcases.brokercampaigntest -->
