<?xml version="1.0" encoding="UTF-8"?>
<!-- Generated by org.testng.reporters.JUnitReportReporter -->
<testsuite hostname="akash-pc" failures="0" tests="1" name="com.crm.qa.testcases.HomePagetest" time="5.425" errors="0" timestamp="13 Jun 2019 08:26:05 GMT" skipped="0">
  <testcase classname="com.crm.qa.testcases.HomePagetest" name="verifyhomepagetitletest" time="5.425"/>
</testsuite> <!-- com.crm.qa.testcases.HomePagetest -->
