<?xml version="1.0" encoding="UTF-8"?>
<!-- Generated by org.testng.reporters.JUnitReportReporter -->
<testsuite hostname="akash-pc" failures="0" tests="1" name="Bokercampaignpagetest" time="8.765" errors="0" timestamp="13 Jun 2019 12:35:41 GMT" skipped="0">
  <testcase classname="Bokercampaignpagetest" name="Brkaddcmpbuttontest" time="8.765"/>
</testsuite> <!-- Bokercampaignpagetest -->
