<?xml version="1.0" encoding="UTF-8"?>
<!-- Generated by org.testng.reporters.JUnitReportReporter -->
<testsuite hostname="akash-pc" failures="0" tests="1" name="com.crm.qa.testcases.SystemUsertest" time="5.895" errors="0" timestamp="13 Jun 2019 08:26:05 GMT" skipped="0">
  <testcase classname="com.crm.qa.testcases.SystemUsertest" name="searchfieldtest" time="5.895"/>
</testsuite> <!-- com.crm.qa.testcases.SystemUsertest -->
