<?xml version="1.0" encoding="UTF-8"?>
<!-- Generated by org.testng.reporters.JUnitReportReporter -->
<testsuite hostname="akash-pc" failures="0" tests="8" name="com.crm.qa.testcases.AddCampaignpopuptest" time="82.125" errors="0" timestamp="20 Jun 2019 12:18:56 GMT" skipped="0">
  <testcase classname="com.crm.qa.testcases.AddCampaignpopuptest" name="campaignnametexttest" time="9.944"/>
  <testcase classname="com.crm.qa.testcases.AddCampaignpopuptest" name="brokercampcountrytest" time="9.304"/>
  <testcase classname="com.crm.qa.testcases.AddCampaignpopuptest" name="brokercamplocationtest" time="10.053"/>
  <testcase classname="com.crm.qa.testcases.AddCampaignpopuptest" name="brokercampldealtypetest" time="12.908"/>
  <testcase classname="com.crm.qa.testcases.AddCampaignpopuptest" name="brokercampindustrytypetest" time="10.068"/>
  <testcase classname="com.crm.qa.testcases.AddCampaignpopuptest" name="brokercamppropertytypetest" time="9.578"/>
  <testcase classname="com.crm.qa.testcases.AddCampaignpopuptest" name="brokerenddate" time="11.027"/>
  <testcase classname="com.crm.qa.testcases.AddCampaignpopuptest" name="brokercancelbuttontest" time="9.243"/>
</testsuite> <!-- com.crm.qa.testcases.AddCampaignpopuptest -->
