<?xml version="1.0" encoding="UTF-8"?>
<!-- Generated by org.testng.reporters.JUnitReportReporter -->
<testsuite hostname="akash-pc" failures="0" tests="3" name="com.crm.qa.testcases.RegisteredBrokerTest" time="25.902" errors="0" timestamp="26 Jun 2019 07:02:03 GMT" skipped="0">
  <testcase classname="com.crm.qa.testcases.RegisteredBrokerTest" name="brokersearchfieldtest" time="12.051"/>
  <testcase classname="com.crm.qa.testcases.RegisteredBrokerTest" name="brokercountrynametest" time="5.985"/>
  <testcase classname="com.crm.qa.testcases.RegisteredBrokerTest" name="brokersearchbuttontest" time="7.866"/>
</testsuite> <!-- com.crm.qa.testcases.RegisteredBrokerTest -->
